{
  "completed": [
    "core-norm-conformance/1", 
    "core-norm-conformance/2", 
    "core-norm-conformance/3", 
    "core-norm-conformance/4", 
    "core-norm-conformance/5", 
    "core-norm-conformance/6", 
    "core-norm-conformance/7", 
    "core-norm-conformance/8", 
    "core-norm-conformance/9", 
    "core-norm-conformance/10", 
    "core-norm-conformance/11", 
    "core-norm-conformance/12", 
    "core-norm-conformance/13", 
    "core-norm-conformance/14", 
    "core-norm-conformance/15", 
    "core-norm-conformance/16", 
    "core-norm-conformance/17", 
    "core-norm-conformance/18", 
    "core-norm-conformance/19", 
    "core-norm-conformance/20", 
    "core-norm-conformance/21", 
    "core-norm-conformance/22", 
    "core-norm-conformance/23", 
    "core-norm-conformance/24", 
    "core-norm-conformance/25", 
    "core-norm-conformance/26", 
    "core-norm-conformance/27", 
    "core-norm-conformance/28", 
    "core-norm-conformance/29", 
    "core-norm-conformance/30", 
    "core-norm-conformance/31", 
    "core-norm-conformance/32", 
    "core-norm-conformance/33", 
    "core-norm-conformance/34", 
    "core-norm-conformance/35", 
    "core-norm-conformance/36", 
    "core-norm-conformance/37", 
    "core-norm-conformance/38", 
    "core-norm-conformance/39", 
    "core-norm-conformance/40", 
    "core-norm-conformance/41", 
    "core-norm-conformance/42", 
    "core-norm-conformance/43", 
    "core-norm-conformance/44", 
    "core-norm-conformance/45", 
    "core-norm-conformance/46", 
    "core-norm-conformance/47", 
    "core-norm-conformance/48", 
    "core-norm-conformance/49", 
    "core-norm-conformance/50", 
    "core-norm-conformance/51", 
    "core-norm-conformance/52", 
    "core-norm-conformance/53", 
    "core-norm-conformance/54", 
    "core-norm-conformance/55", 
    "core-norm-conformance/56", 
    "core-norm-conformance/57", 
    "core-norm-conformance/58", 
    "core-norm-conformance/59", 
    "core-norm-conformance/60", 
    "core-norm-conformance/61", 
    "core-norm-conformance/62", 
    "core-norm-conformance/63", 
    "core-norm-conformance/64", 
    "core-norm-conformance/65", 
    "core-norm-conformance/66", 
    "core-norm-conformance/67", 
    "core-norm-conformance/68", 
    "core-norm-conformance/69", 
    "core-norm-conformance/70", 
    "core-norm-conformance/71", 
    "core-norm-conformance/72", 
    "core-norm-conformance/73", 
    "core-norm-conformance/74", 
    "core-norm-conformance/75", 
    "core-norm-conformance/76", 
    "core-norm-conformance/77", 
    "core-norm-conformance/78", 
    "core-norm-conformance/79", 
    "core-norm-conformance/82", 
    "core-norm-conformance/85", 
    "core-norm-conformance/86", 
    "core-norm-conformance/87", 
    "core-norm-conformance/88", 
    "core-norm-conformance/89", 
    "core-norm-conformance/90", 
    "core-norm-conformance/91", 
    "core-norm-conformance/92", 
    "core-norm-conformance/93", 
    "core-norm-conformance/94", 
    "core-norm-conformance/95", 
    "core-norm-conformance/96", 
    "core-norm-conformance/97", 
    "core-norm-conformance/98", 
    "core-norm-conformance/99", 
    "core-norm-conformance/100", 
    "core-norm-conformance/101", 
    "core-norm-conformance/102", 
    "core-norm-conformance/103", 
    "core-norm-conformance/104", 
    "core-norm-conformance/105", 
    "core-norm-conformance/106", 
    "core-norm-conformance/107", 
    "core-norm-conformance/108", 
    "core-norm-conformance/109", 
    "core-norm-conformance/110", 
    "core-norm-conformance/111", 
    "core-norm-conformance/112", 
    "core-norm-conformance/113", 
    "core-norm-conformance/114", 
    "core-norm-conformance/115", 
    "core-norm-conformance/116", 
    "core-norm-conformance/117", 
    "core-norm-conformance/118", 
    "core-norm-conformance/119", 
    "core-norm-conformance/120", 
    "core-norm-conformance/121", 
    "core-norm-conformance/122", 
    "core-norm-conformance/123", 
    "core-norm-conformance/124", 
    "core-norm-conformance/125", 
    "core-norm-conformance/126", 
    "core-norm-conformance/127"
  ], 
  "notes": [
    "... created core-norm-conformance/1 as tracker #16678", 
    "... created core-norm-conformance/2 as tracker #16679", 
    "... created core-norm-conformance/3 as tracker #16682", 
    "Specification mismatch: core-norm-conformance/4: Tracker item 16363 has FHIR Core instead of ", 
    "... updated core-norm-conformance/4 as tracker #16363", 
    "Specification mismatch: core-norm-conformance/5: Tracker item 16364 has FHIR Core instead of ", 
    "... updated core-norm-conformance/5 as tracker #16364", 
    "Specification mismatch: core-norm-conformance/6: Tracker item 16367 has FHIR Core instead of ", 
    "... updated core-norm-conformance/6 as tracker #16367", 
    "Specification mismatch: core-norm-conformance/7: Tracker item 16372 has FHIR Core instead of ", 
    "... updated core-norm-conformance/7 as tracker #16372", 
    "Specification mismatch: core-norm-conformance/8: Tracker item 16377 has FHIR Core instead of ", 
    "... updated core-norm-conformance/8 as tracker #16377", 
    "Specification mismatch: core-norm-conformance/9: Tracker item 16378 has FHIR Core instead of ", 
    "... updated core-norm-conformance/9 as tracker #16378", 
    "Specification mismatch: core-norm-conformance/10: Tracker item 16379 has FHIR Core instead of ", 
    "... updated core-norm-conformance/10 as tracker #16379", 
    "Specification mismatch: core-norm-conformance/11: Tracker item 16381 has FHIR Core instead of ", 
    "... updated core-norm-conformance/11 as tracker #16381", 
    "Specification mismatch: core-norm-conformance/12: Tracker item 16427 has FHIR Core instead of ", 
    "... updated core-norm-conformance/12 as tracker #16427", 
    "Specification mismatch: core-norm-conformance/13: Tracker item 16431 has FHIR Core instead of ", 
    "... updated core-norm-conformance/13 as tracker #16431", 
    "Specification mismatch: core-norm-conformance/14: Tracker item 16432 has FHIR Core instead of ", 
    "... updated core-norm-conformance/14 as tracker #16432", 
    "Specification mismatch: core-norm-conformance/15: Tracker item 16435 has FHIR Core instead of ", 
    "... updated core-norm-conformance/15 as tracker #16435", 
    "Specification mismatch: core-norm-conformance/16: Tracker item 16440 has FHIR Core instead of ", 
    "... updated core-norm-conformance/16 as tracker #16440", 
    "Specification mismatch: core-norm-conformance/17: Tracker item 16442 has FHIR Core instead of ", 
    "... updated core-norm-conformance/17 as tracker #16442", 
    "Specification mismatch: core-norm-conformance/18: Tracker item 16443 has FHIR Core instead of ", 
    "... updated core-norm-conformance/18 as tracker #16443", 
    "Specification mismatch: core-norm-conformance/19: Tracker item 16445 has FHIR Core instead of ", 
    "... updated core-norm-conformance/19 as tracker #16445", 
    "Specification mismatch: core-norm-conformance/20: Tracker item 16446 has FHIR Core instead of ", 
    "... updated core-norm-conformance/20 as tracker #16446", 
    "Specification mismatch: core-norm-conformance/21: Tracker item 16449 has FHIR Core instead of ", 
    "... updated core-norm-conformance/21 as tracker #16449", 
    "Specification mismatch: core-norm-conformance/22: Tracker item 16451 has FHIR Core instead of ", 
    "... updated core-norm-conformance/22 as tracker #16451", 
    "Specification mismatch: core-norm-conformance/23: Tracker item 16461 has FHIR Core instead of ", 
    "... updated core-norm-conformance/23 as tracker #16461", 
    "Specification mismatch: core-norm-conformance/24: Tracker item 16462 has FHIR Core instead of ", 
    "... updated core-norm-conformance/24 as tracker #16462", 
    "Specification mismatch: core-norm-conformance/25: Tracker item 16464 has FHIR Core instead of ", 
    "... updated core-norm-conformance/25 as tracker #16464", 
    "Specification mismatch: core-norm-conformance/26: Tracker item 16465 has FHIR Core instead of ", 
    "... updated core-norm-conformance/26 as tracker #16465", 
    "Specification mismatch: core-norm-conformance/27: Tracker item 16469 has FHIR Core instead of ", 
    "... updated core-norm-conformance/27 as tracker #16469", 
    "Specification mismatch: core-norm-conformance/28: Tracker item 16474 has FHIR Core instead of ", 
    "... updated core-norm-conformance/28 as tracker #16474", 
    "Specification mismatch: core-norm-conformance/29: Tracker item 16478 has FHIR Core instead of ", 
    "... updated core-norm-conformance/29 as tracker #16478", 
    "Specification mismatch: core-norm-conformance/30: Tracker item 16482 has FHIR Core instead of ", 
    "... updated core-norm-conformance/30 as tracker #16482", 
    "Specification mismatch: core-norm-conformance/31: Tracker item 16487 has FHIR Core instead of ", 
    "... updated core-norm-conformance/31 as tracker #16487", 
    "Specification mismatch: core-norm-conformance/32: Tracker item 16490 has FHIR Core instead of ", 
    "... updated core-norm-conformance/32 as tracker #16490", 
    "Specification mismatch: core-norm-conformance/33: Tracker item 16484 has FHIR Core instead of ", 
    "... updated core-norm-conformance/33 as tracker #16484", 
    "Specification mismatch: core-norm-conformance/34: Tracker item 16486 has FHIR Core instead of ", 
    "... updated core-norm-conformance/34 as tracker #16486", 
    "Specification mismatch: core-norm-conformance/35: Tracker item 16585 has FHIR Core instead of ", 
    "... updated core-norm-conformance/35 as tracker #16585", 
    "Specification mismatch: core-norm-conformance/36: Tracker item 16295 has FHIR Core instead of ", 
    "... updated core-norm-conformance/36 as tracker #16295", 
    "Specification mismatch: core-norm-conformance/37: Tracker item 16299 has FHIR Core instead of ", 
    "... updated core-norm-conformance/37 as tracker #16299", 
    "Specification mismatch: core-norm-conformance/38: Tracker item 16301 has FHIR Core instead of ", 
    "... updated core-norm-conformance/38 as tracker #16301", 
    "Specification mismatch: core-norm-conformance/39: Tracker item 16305 has FHIR Core instead of ", 
    "... updated core-norm-conformance/39 as tracker #16305", 
    "Specification mismatch: core-norm-conformance/40: Tracker item 16321 has FHIR Core instead of ", 
    "... updated core-norm-conformance/40 as tracker #16321", 
    "Specification mismatch: core-norm-conformance/41: Tracker item 16322 has FHIR Core instead of ", 
    "... updated core-norm-conformance/41 as tracker #16322", 
    "Specification mismatch: core-norm-conformance/42: Tracker item 16323 has FHIR Core instead of ", 
    "... updated core-norm-conformance/42 as tracker #16323", 
    "Specification mismatch: core-norm-conformance/43: Tracker item 16353 has FHIR Core instead of ", 
    "... updated core-norm-conformance/43 as tracker #16353", 
    "Specification mismatch: core-norm-conformance/44: Tracker item 16354 has FHIR Core instead of ", 
    "... updated core-norm-conformance/44 as tracker #16354", 
    "Specification mismatch: core-norm-conformance/45: Tracker item 16355 has FHIR Core instead of ", 
    "... updated core-norm-conformance/45 as tracker #16355", 
    "Specification mismatch: core-norm-conformance/46: Tracker item 16356 has FHIR Core instead of ", 
    "... updated core-norm-conformance/46 as tracker #16356", 
    "Specification mismatch: core-norm-conformance/47: Tracker item 16357 has FHIR Core instead of ", 
    "... updated core-norm-conformance/47 as tracker #16357", 
    "Specification mismatch: core-norm-conformance/48: Tracker item 16358 has FHIR Core instead of ", 
    "... updated core-norm-conformance/48 as tracker #16358", 
    "Specification mismatch: core-norm-conformance/49: Tracker item 16360 has FHIR Core instead of ", 
    "... updated core-norm-conformance/49 as tracker #16360", 
    "Specification mismatch: core-norm-conformance/50: Tracker item 16362 has FHIR Core instead of ", 
    "... updated core-norm-conformance/50 as tracker #16362", 
    "Invalid Category for if this is to be incluced in core resource, illustration of why would be helpful - 2018-May Core Norm Conformance #51 : ''", 
    "... created core-norm-conformance/51 as tracker #16714", 
    "... created core-norm-conformance/52 as tracker #16718", 
    "... created core-norm-conformance/53 as tracker #16722", 
    "... created core-norm-conformance/54 as tracker #16726", 
    "... created core-norm-conformance/55 as tracker #16730", 
    "... created core-norm-conformance/56 as tracker #16734", 
    "... created core-norm-conformance/57 as tracker #16738", 
    "... created core-norm-conformance/58 as tracker #16742", 
    "... created core-norm-conformance/59 as tracker #16746", 
    "... created core-norm-conformance/60 as tracker #16750", 
    "Invalid Category for Values inconsistent: see tracker 14209 - 2018-May Core Norm Conformance #61 : ''", 
    "... created core-norm-conformance/61 as tracker #16754", 
    "... created core-norm-conformance/62 as tracker #16759", 
    "... created core-norm-conformance/63 as tracker #16761", 
    "... created core-norm-conformance/64 as tracker #16764", 
    "... created core-norm-conformance/65 as tracker #16768", 
    "... created core-norm-conformance/66 as tracker #16773", 
    "... created core-norm-conformance/67 as tracker #16777", 
    "... created core-norm-conformance/68 as tracker #16782", 
    "... created core-norm-conformance/69 as tracker #16786", 
    "... created core-norm-conformance/70 as tracker #16790", 
    "... created core-norm-conformance/71 as tracker #16794", 
    "... created core-norm-conformance/72 as tracker #16798", 
    "... created core-norm-conformance/73 as tracker #16802", 
    "... created core-norm-conformance/74 as tracker #16806", 
    "... created core-norm-conformance/75 as tracker #16810", 
    "... created core-norm-conformance/76 as tracker #16814", 
    "Invalid Category for Evidence that resource is implemented and merits level 5 not found - 2018-May Core Norm Conformance #77 : ''", 
    "... created core-norm-conformance/77 as tracker #16817", 
    "Invalid Category for Evidence that resource is implemented and merits level 5 not found - 2018-May Core Norm Conformance #78 : ''", 
    "... created core-norm-conformance/78 as tracker #16821", 
    "Invalid Category for Evidence that resource is implemented and merits level 5 not found - 2018-May Core Norm Conformance #79 : ''", 
    "... created core-norm-conformance/79 as tracker #16824", 
    "... created core-norm-conformance/82 as tracker #16828", 
    "Invalid Category for Recommend that Supplements and and any Supplement related elements/operations are marked as TU - 2018-May Core Norm Conformance #85 : ''", 
    "... created core-norm-conformance/85 as tracker #16832", 
    "... created core-norm-conformance/86 as tracker #16835", 
    "... created core-norm-conformance/87 as tracker #16838", 
    "... created core-norm-conformance/88 as tracker #16841", 
    "... created core-norm-conformance/89 as tracker #16844", 
    "Specification mismatch: core-norm-conformance/90: Tracker item 16245 has FHIR Core instead of ", 
    "... updated core-norm-conformance/90 as tracker #16245", 
    "Specification mismatch: core-norm-conformance/91: Tracker item 16317 has FHIR Core instead of ", 
    "... updated core-norm-conformance/91 as tracker #16317", 
    "Specification mismatch: core-norm-conformance/92: Tracker item 16318 has FHIR Core instead of ", 
    "... updated core-norm-conformance/92 as tracker #16318", 
    "... created core-norm-conformance/93 as tracker #16849", 
    "... created core-norm-conformance/94 as tracker #16852", 
    "... created core-norm-conformance/95 as tracker #16855", 
    "... created core-norm-conformance/96 as tracker #16858", 
    "... created core-norm-conformance/97 as tracker #16861", 
    "... created core-norm-conformance/98 as tracker #16864", 
    "... created core-norm-conformance/99 as tracker #16867", 
    "... created core-norm-conformance/100 as tracker #16870", 
    "... created core-norm-conformance/101 as tracker #16872", 
    "... created core-norm-conformance/102 as tracker #16875", 
    "... created core-norm-conformance/103 as tracker #16878", 
    "... created core-norm-conformance/104 as tracker #16881", 
    "... created core-norm-conformance/105 as tracker #16884", 
    "... created core-norm-conformance/106 as tracker #16887", 
    "... created core-norm-conformance/107 as tracker #16891", 
    "... created core-norm-conformance/108 as tracker #16895", 
    "... created core-norm-conformance/109 as tracker #16899", 
    "... created core-norm-conformance/110 as tracker #16903", 
    "... created core-norm-conformance/111 as tracker #16907", 
    "Specification mismatch: core-norm-conformance/112: Tracker item 16132 has FHIR Core instead of ", 
    "... updated core-norm-conformance/112 as tracker #16132", 
    "Specification mismatch: core-norm-conformance/113: Tracker item 15869 has FHIR Core instead of ", 
    "... updated core-norm-conformance/113 as tracker #15869", 
    "... created core-norm-conformance/114 as tracker #16912", 
    "Specification mismatch: core-norm-conformance/115: Tracker item 16067 has FHIR Core instead of ", 
    "... updated core-norm-conformance/115 as tracker #16067", 
    "Specification mismatch: core-norm-conformance/116: Tracker item 16068 has FHIR Core instead of ", 
    "... updated core-norm-conformance/116 as tracker #16068", 
    "Specification mismatch: core-norm-conformance/117: Tracker item 16069 has FHIR Core instead of ", 
    "... updated core-norm-conformance/117 as tracker #16069", 
    "Specification mismatch: core-norm-conformance/118: Tracker item 16072 has FHIR Core instead of ", 
    "... updated core-norm-conformance/118 as tracker #16072", 
    "Specification mismatch: core-norm-conformance/119: Tracker item 14295 has FHIR Core instead of ", 
    "... updated core-norm-conformance/119 as tracker #14295", 
    "Specification mismatch: core-norm-conformance/120: Tracker item 16334 has FHIR Core instead of ", 
    "... updated core-norm-conformance/120 as tracker #16334", 
    "Specification mismatch: core-norm-conformance/121: Tracker item 16335 has FHIR Core instead of ", 
    "... updated core-norm-conformance/121 as tracker #16335", 
    "Specification mismatch: core-norm-conformance/122: Tracker item 16336 has FHIR Core instead of ", 
    "... updated core-norm-conformance/122 as tracker #16336", 
    "Specification mismatch: core-norm-conformance/123: Tracker item 16337 has FHIR Core instead of ", 
    "... updated core-norm-conformance/123 as tracker #16337", 
    "Specification mismatch: core-norm-conformance/124: Tracker item 16338 has FHIR Core instead of ", 
    "... updated core-norm-conformance/124 as tracker #16338", 
    "Specification mismatch: core-norm-conformance/125: Tracker item 16339 has FHIR Core instead of ", 
    "... updated core-norm-conformance/125 as tracker #16339", 
    "Specification mismatch: core-norm-conformance/126: Tracker item 15998 has FHIR Core instead of ", 
    "... updated core-norm-conformance/126 as tracker #15998", 
    "Specification mismatch: core-norm-conformance/127: Tracker item 15998 has FHIR Core instead of ", 
    "... updated core-norm-conformance/127 as tracker #15998"
  ]
}