{
  "completed": [
    "core-norm-infrastructure/1", 
    "core-norm-infrastructure/2", 
    "core-norm-infrastructure/3", 
    "core-norm-infrastructure/4", 
    "core-norm-infrastructure/5", 
    "core-norm-infrastructure/6", 
    "core-norm-infrastructure/7", 
    "core-norm-infrastructure/8", 
    "core-norm-infrastructure/9", 
    "core-norm-infrastructure/10", 
    "core-norm-infrastructure/11", 
    "core-norm-infrastructure/12", 
    "core-norm-infrastructure/13", 
    "core-norm-infrastructure/14", 
    "core-norm-infrastructure/15", 
    "core-norm-infrastructure/16", 
    "core-norm-infrastructure/17", 
    "core-norm-infrastructure/18", 
    "core-norm-infrastructure/19", 
    "core-norm-infrastructure/20", 
    "core-norm-infrastructure/21", 
    "core-norm-infrastructure/22", 
    "core-norm-infrastructure/23", 
    "core-norm-infrastructure/24", 
    "core-norm-infrastructure/25", 
    "core-norm-infrastructure/26", 
    "core-norm-infrastructure/27", 
    "core-norm-infrastructure/28", 
    "core-norm-infrastructure/29", 
    "core-norm-infrastructure/30", 
    "core-norm-infrastructure/31", 
    "core-norm-infrastructure/32", 
    "core-norm-infrastructure/33", 
    "core-norm-infrastructure/34", 
    "core-norm-infrastructure/35", 
    "core-norm-infrastructure/36", 
    "core-norm-infrastructure/37", 
    "core-norm-infrastructure/38", 
    "core-norm-infrastructure/39", 
    "core-norm-infrastructure/40", 
    "core-norm-infrastructure/41", 
    "core-norm-infrastructure/42", 
    "core-norm-infrastructure/43", 
    "core-norm-infrastructure/44", 
    "core-norm-infrastructure/45", 
    "core-norm-infrastructure/46", 
    "core-norm-infrastructure/47", 
    "core-norm-infrastructure/48", 
    "core-norm-infrastructure/49", 
    "core-norm-infrastructure/50", 
    "core-norm-infrastructure/51", 
    "core-norm-infrastructure/52", 
    "core-norm-infrastructure/53", 
    "core-norm-infrastructure/54", 
    "core-norm-infrastructure/55", 
    "core-norm-infrastructure/56", 
    "core-norm-infrastructure/57", 
    "core-norm-infrastructure/58", 
    "core-norm-infrastructure/59", 
    "core-norm-infrastructure/60", 
    "core-norm-infrastructure/61", 
    "core-norm-infrastructure/62", 
    "core-norm-infrastructure/63", 
    "core-norm-infrastructure/64", 
    "core-norm-infrastructure/65", 
    "core-norm-infrastructure/66", 
    "core-norm-infrastructure/67", 
    "core-norm-infrastructure/68", 
    "core-norm-infrastructure/69", 
    "core-norm-infrastructure/70", 
    "core-norm-infrastructure/71", 
    "core-norm-infrastructure/72", 
    "core-norm-infrastructure/73", 
    "core-norm-infrastructure/74", 
    "core-norm-infrastructure/75", 
    "core-norm-infrastructure/76", 
    "core-norm-infrastructure/77", 
    "core-norm-infrastructure/78", 
    "core-norm-infrastructure/79", 
    "core-norm-infrastructure/80", 
    "core-norm-infrastructure/81", 
    "core-norm-infrastructure/82", 
    "core-norm-infrastructure/83", 
    "core-norm-infrastructure/84", 
    "core-norm-infrastructure/85", 
    "core-norm-infrastructure/86", 
    "core-norm-infrastructure/87", 
    "core-norm-infrastructure/88", 
    "core-norm-infrastructure/89", 
    "core-norm-infrastructure/90", 
    "core-norm-infrastructure/91", 
    "core-norm-infrastructure/92", 
    "core-norm-infrastructure/93", 
    "core-norm-infrastructure/94", 
    "core-norm-infrastructure/95", 
    "core-norm-infrastructure/96", 
    "core-norm-infrastructure/97", 
    "core-norm-infrastructure/98", 
    "core-norm-infrastructure/99", 
    "core-norm-infrastructure/100", 
    "core-norm-infrastructure/101", 
    "core-norm-infrastructure/102", 
    "core-norm-infrastructure/103", 
    "core-norm-infrastructure/104", 
    "core-norm-infrastructure/105", 
    "core-norm-infrastructure/106", 
    "core-norm-infrastructure/109", 
    "core-norm-infrastructure/111", 
    "core-norm-infrastructure/112", 
    "core-norm-infrastructure/113", 
    "core-norm-infrastructure/114", 
    "core-norm-infrastructure/115", 
    "core-norm-infrastructure/116", 
    "core-norm-infrastructure/117", 
    "core-norm-infrastructure/118", 
    "core-norm-infrastructure/119", 
    "core-norm-infrastructure/120", 
    "core-norm-infrastructure/121", 
    "core-norm-infrastructure/122", 
    "core-norm-infrastructure/123", 
    "core-norm-infrastructure/124", 
    "core-norm-infrastructure/125", 
    "core-norm-infrastructure/126", 
    "core-norm-infrastructure/127", 
    "core-norm-infrastructure/128", 
    "core-norm-infrastructure/129", 
    "core-norm-infrastructure/130", 
    "core-norm-infrastructure/131", 
    "core-norm-infrastructure/132", 
    "core-norm-infrastructure/133", 
    "core-norm-infrastructure/134", 
    "core-norm-infrastructure/135", 
    "core-norm-infrastructure/136", 
    "core-norm-infrastructure/137", 
    "core-norm-infrastructure/138", 
    "core-norm-infrastructure/139", 
    "core-norm-infrastructure/140", 
    "core-norm-infrastructure/141", 
    "core-norm-infrastructure/142", 
    "core-norm-infrastructure/143", 
    "core-norm-infrastructure/144", 
    "core-norm-infrastructure/145", 
    "core-norm-infrastructure/146", 
    "core-norm-infrastructure/147", 
    "core-norm-infrastructure/148", 
    "core-norm-infrastructure/149", 
    "core-norm-infrastructure/150", 
    "core-norm-infrastructure/151", 
    "core-norm-infrastructure/152", 
    "core-norm-infrastructure/153", 
    "core-norm-infrastructure/154", 
    "core-norm-infrastructure/155", 
    "core-norm-infrastructure/156", 
    "core-norm-infrastructure/157", 
    "core-norm-infrastructure/158", 
    "core-norm-infrastructure/159", 
    "core-norm-infrastructure/160", 
    "core-norm-infrastructure/161", 
    "core-norm-infrastructure/162", 
    "core-norm-infrastructure/163", 
    "core-norm-infrastructure/164", 
    "core-norm-infrastructure/165", 
    "core-norm-infrastructure/166", 
    "core-norm-infrastructure/167", 
    "core-norm-infrastructure/168", 
    "core-norm-infrastructure/169", 
    "core-norm-infrastructure/170", 
    "core-norm-infrastructure/171", 
    "core-norm-infrastructure/172", 
    "core-norm-infrastructure/173", 
    "core-norm-infrastructure/174", 
    "core-norm-infrastructure/175", 
    "core-norm-infrastructure/176", 
    "core-norm-infrastructure/177", 
    "core-norm-infrastructure/178", 
    "core-norm-infrastructure/179", 
    "core-norm-infrastructure/180", 
    "core-norm-infrastructure/181", 
    "core-norm-infrastructure/182", 
    "core-norm-infrastructure/183", 
    "core-norm-infrastructure/184", 
    "core-norm-infrastructure/185", 
    "core-norm-infrastructure/186", 
    "core-norm-infrastructure/187", 
    "core-norm-infrastructure/188", 
    "core-norm-infrastructure/189", 
    "core-norm-infrastructure/190", 
    "core-norm-infrastructure/191", 
    "core-norm-infrastructure/192", 
    "core-norm-infrastructure/193", 
    "core-norm-infrastructure/194", 
    "core-norm-infrastructure/195", 
    "core-norm-infrastructure/196", 
    "core-norm-infrastructure/197", 
    "core-norm-infrastructure/198", 
    "core-norm-infrastructure/199", 
    "core-norm-infrastructure/200", 
    "core-norm-infrastructure/201", 
    "core-norm-infrastructure/202", 
    "core-norm-infrastructure/203", 
    "core-norm-infrastructure/204", 
    "core-norm-infrastructure/205"
  ], 
  "notes": [
    "Invalid Category for FHIRPath should not be mandatory - 2018-May Core Norm Infrastructure #1 : ''", 
    "... created core-norm-infrastructure/1 as tracker #16862", 
    "... created core-norm-infrastructure/2 as tracker #16865", 
    "... created core-norm-infrastructure/3 as tracker #16868", 
    "... updated core-norm-infrastructure/4 as tracker #16074", 
    "... updated core-norm-infrastructure/5 as tracker #16076", 
    "... updated core-norm-infrastructure/6 as tracker #16077", 
    "... updated core-norm-infrastructure/7 as tracker #16078", 
    "... updated core-norm-infrastructure/8 as tracker #16083", 
    "... updated core-norm-infrastructure/9 as tracker #16084", 
    "... created core-norm-infrastructure/10 as tracker #16874", 
    "... created core-norm-infrastructure/11 as tracker #16877", 
    "... created core-norm-infrastructure/12 as tracker #16880", 
    "... created core-norm-infrastructure/13 as tracker #16883", 
    "... created core-norm-infrastructure/14 as tracker #16886", 
    "... created core-norm-infrastructure/15 as tracker #16890", 
    "... created core-norm-infrastructure/16 as tracker #16894", 
    "... created core-norm-infrastructure/17 as tracker #16898", 
    "... created core-norm-infrastructure/18 as tracker #16902", 
    "... created core-norm-infrastructure/19 as tracker #16906", 
    "... created core-norm-infrastructure/20 as tracker #16909", 
    "... created core-norm-infrastructure/21 as tracker #16911", 
    "... created core-norm-infrastructure/22 as tracker #16914", 
    "... created core-norm-infrastructure/23 as tracker #16916", 
    "... created core-norm-infrastructure/24 as tracker #16918", 
    "... created core-norm-infrastructure/25 as tracker #16920", 
    "... created core-norm-infrastructure/26 as tracker #16922", 
    "... created core-norm-infrastructure/27 as tracker #16926", 
    "... created core-norm-infrastructure/28 as tracker #16928", 
    "... created core-norm-infrastructure/29 as tracker #16931", 
    "... created core-norm-infrastructure/30 as tracker #16934", 
    "... created core-norm-infrastructure/31 as tracker #16937", 
    "... created core-norm-infrastructure/32 as tracker #16940", 
    "... created core-norm-infrastructure/33 as tracker #16942", 
    "... created core-norm-infrastructure/34 as tracker #16944", 
    "... created core-norm-infrastructure/35 as tracker #16946", 
    "... created core-norm-infrastructure/36 as tracker #16948", 
    "... created core-norm-infrastructure/37 as tracker #16950", 
    "... created core-norm-infrastructure/38 as tracker #16952", 
    "... created core-norm-infrastructure/39 as tracker #16954", 
    "... created core-norm-infrastructure/40 as tracker #16956", 
    "... created core-norm-infrastructure/41 as tracker #16958", 
    "... created core-norm-infrastructure/42 as tracker #16959", 
    "... created core-norm-infrastructure/43 as tracker #16961", 
    "... created core-norm-infrastructure/44 as tracker #16962", 
    "... created core-norm-infrastructure/45 as tracker #16963", 
    "... created core-norm-infrastructure/46 as tracker #16964", 
    "... created core-norm-infrastructure/47 as tracker #16965", 
    "... created core-norm-infrastructure/48 as tracker #16966", 
    "... created core-norm-infrastructure/49 as tracker #16967", 
    "... created core-norm-infrastructure/50 as tracker #16968", 
    "... created core-norm-infrastructure/51 as tracker #16969", 
    "... created core-norm-infrastructure/52 as tracker #16970", 
    "... created core-norm-infrastructure/53 as tracker #16971", 
    "... created core-norm-infrastructure/54 as tracker #16972", 
    "... created core-norm-infrastructure/55 as tracker #16973", 
    "... created core-norm-infrastructure/56 as tracker #16974", 
    "... created core-norm-infrastructure/57 as tracker #16975", 
    "... created core-norm-infrastructure/58 as tracker #16976", 
    "... created core-norm-infrastructure/59 as tracker #16977", 
    "... created core-norm-infrastructure/60 as tracker #16978", 
    "... created core-norm-infrastructure/61 as tracker #16979", 
    "... created core-norm-infrastructure/62 as tracker #16980", 
    "... created core-norm-infrastructure/63 as tracker #16981", 
    "... created core-norm-infrastructure/64 as tracker #16982", 
    "... created core-norm-infrastructure/65 as tracker #16983", 
    "... created core-norm-infrastructure/66 as tracker #16984", 
    "... created core-norm-infrastructure/67 as tracker #16985", 
    "... created core-norm-infrastructure/68 as tracker #16986", 
    "... created core-norm-infrastructure/69 as tracker #16987", 
    "... created core-norm-infrastructure/70 as tracker #16988", 
    "... created core-norm-infrastructure/71 as tracker #16989", 
    "... created core-norm-infrastructure/72 as tracker #16990", 
    "... created core-norm-infrastructure/73 as tracker #16991", 
    "... created core-norm-infrastructure/74 as tracker #16992", 
    "... created core-norm-infrastructure/75 as tracker #16993", 
    "... created core-norm-infrastructure/76 as tracker #16994", 
    "... created core-norm-infrastructure/77 as tracker #16995", 
    "... created core-norm-infrastructure/78 as tracker #16996", 
    "... created core-norm-infrastructure/79 as tracker #16997", 
    "... created core-norm-infrastructure/80 as tracker #16998", 
    "... updated core-norm-infrastructure/81 as tracker #16188", 
    "... updated core-norm-infrastructure/82 as tracker #16115", 
    "... updated core-norm-infrastructure/83 as tracker #13386", 
    "... updated core-norm-infrastructure/84 as tracker #16055", 
    "... updated core-norm-infrastructure/85 as tracker #14195", 
    "... updated core-norm-infrastructure/86 as tracker #16359", 
    "... updated core-norm-infrastructure/87 as tracker #16361", 
    "... updated core-norm-infrastructure/88 as tracker #15973", 
    "... updated core-norm-infrastructure/89 as tracker #16008", 
    "... updated core-norm-infrastructure/90 as tracker #16009", 
    "... updated core-norm-infrastructure/91 as tracker #16011", 
    "... updated core-norm-infrastructure/92 as tracker #16012", 
    "... updated core-norm-infrastructure/93 as tracker #16052", 
    "... updated core-norm-infrastructure/94 as tracker #16053", 
    "... updated core-norm-infrastructure/95 as tracker #16054", 
    "... updated core-norm-infrastructure/96 as tracker #16056", 
    "... updated core-norm-infrastructure/97 as tracker #16057", 
    "... updated core-norm-infrastructure/98 as tracker #16058", 
    "... updated core-norm-infrastructure/99 as tracker #16059", 
    "... updated core-norm-infrastructure/100 as tracker #16061", 
    "... updated core-norm-infrastructure/101 as tracker #16073", 
    "... updated core-norm-infrastructure/102 as tracker #16087", 
    "... updated core-norm-infrastructure/103 as tracker #16089", 
    "... updated core-norm-infrastructure/104 as tracker #16302", 
    "... updated core-norm-infrastructure/105 as tracker #16306", 
    "... updated core-norm-infrastructure/106 as tracker #16376", 
    "... created core-norm-infrastructure/109 as tracker #16999", 
    "... created core-norm-infrastructure/111 as tracker #17000", 
    "... created core-norm-infrastructure/112 as tracker #17001", 
    "... created core-norm-infrastructure/113 as tracker #17002", 
    "... updated core-norm-infrastructure/114 as tracker #16197", 
    "... updated core-norm-infrastructure/115 as tracker #16198", 
    "... updated core-norm-infrastructure/116 as tracker #16165", 
    "... updated core-norm-infrastructure/117 as tracker #16347", 
    "... updated core-norm-infrastructure/118 as tracker #16519", 
    "... updated core-norm-infrastructure/119 as tracker #16518", 
    "... updated core-norm-infrastructure/120 as tracker #16516", 
    "... updated core-norm-infrastructure/121 as tracker #16096", 
    "... updated core-norm-infrastructure/122 as tracker #16307", 
    "... updated core-norm-infrastructure/123 as tracker #16311", 
    "... updated core-norm-infrastructure/124 as tracker #16313", 
    "... updated core-norm-infrastructure/125 as tracker #16316", 
    "... updated core-norm-infrastructure/126 as tracker #16328", 
    "... updated core-norm-infrastructure/127 as tracker #16329", 
    "... updated core-norm-infrastructure/128 as tracker #16497", 
    "... updated core-norm-infrastructure/129 as tracker #16494", 
    "... updated core-norm-infrastructure/130 as tracker #16481", 
    "... updated core-norm-infrastructure/131 as tracker #16480", 
    "... updated core-norm-infrastructure/132 as tracker #16470", 
    "... updated core-norm-infrastructure/133 as tracker #16466", 
    "... updated core-norm-infrastructure/134 as tracker #16460", 
    "... updated core-norm-infrastructure/135 as tracker #16458", 
    "... updated core-norm-infrastructure/136 as tracker #16457", 
    "... updated core-norm-infrastructure/137 as tracker #16456", 
    "... updated core-norm-infrastructure/138 as tracker #16452", 
    "... updated core-norm-infrastructure/139 as tracker #16450", 
    "... updated core-norm-infrastructure/140 as tracker #16448", 
    "... updated core-norm-infrastructure/141 as tracker #16447", 
    "... updated core-norm-infrastructure/142 as tracker #16444", 
    "... updated core-norm-infrastructure/143 as tracker #16441", 
    "... updated core-norm-infrastructure/144 as tracker #16438", 
    "... updated core-norm-infrastructure/145 as tracker #16436", 
    "... updated core-norm-infrastructure/146 as tracker #16434", 
    "... updated core-norm-infrastructure/147 as tracker #16430", 
    "... updated core-norm-infrastructure/148 as tracker #16428", 
    "... updated core-norm-infrastructure/149 as tracker #16425", 
    "... updated core-norm-infrastructure/150 as tracker #16423", 
    "... updated core-norm-infrastructure/151 as tracker #16414", 
    "... updated core-norm-infrastructure/152 as tracker #16392", 
    "... updated core-norm-infrastructure/153 as tracker #16389", 
    "... updated core-norm-infrastructure/154 as tracker #16238", 
    "... updated core-norm-infrastructure/155 as tracker #16237", 
    "... updated core-norm-infrastructure/156 as tracker #16043", 
    "... updated core-norm-infrastructure/157 as tracker #15693", 
    "... updated core-norm-infrastructure/158 as tracker #15569", 
    "... updated core-norm-infrastructure/159 as tracker #14563", 
    "... updated core-norm-infrastructure/160 as tracker #14298", 
    "... updated core-norm-infrastructure/161 as tracker #14192", 
    "... updated core-norm-infrastructure/162 as tracker #14027", 
    "... updated core-norm-infrastructure/163 as tracker #14004", 
    "... updated core-norm-infrastructure/164 as tracker #13969", 
    "... updated core-norm-infrastructure/165 as tracker #13470", 
    "... created core-norm-infrastructure/166 as tracker #17003", 
    "... created core-norm-infrastructure/167 as tracker #17004", 
    "... created core-norm-infrastructure/168 as tracker #17005", 
    "... created core-norm-infrastructure/169 as tracker #17006", 
    "... created core-norm-infrastructure/170 as tracker #17007", 
    "... created core-norm-infrastructure/171 as tracker #17008", 
    "... created core-norm-infrastructure/172 as tracker #17009", 
    "... created core-norm-infrastructure/173 as tracker #17010", 
    "... created core-norm-infrastructure/174 as tracker #17011", 
    "... updated core-norm-infrastructure/175 as tracker #16131", 
    "... updated core-norm-infrastructure/176 as tracker #16127", 
    "... updated core-norm-infrastructure/177 as tracker #16342", 
    "... updated core-norm-infrastructure/178 as tracker #16343", 
    "... updated core-norm-infrastructure/179 as tracker #16344", 
    "... created core-norm-infrastructure/180 as tracker #17012", 
    "... created core-norm-infrastructure/181 as tracker #17013", 
    "... created core-norm-infrastructure/182 as tracker #17014", 
    "... created core-norm-infrastructure/183 as tracker #17015", 
    "Invalid Category for Data types listed as backbone elements - 2018-May Core Norm Infrastructure #184 : ''", 
    "... created core-norm-infrastructure/184 as tracker #17016", 
    "... created core-norm-infrastructure/185 as tracker #17017", 
    "... created core-norm-infrastructure/186 as tracker #17018", 
    "... created core-norm-infrastructure/187 as tracker #17019", 
    "... created core-norm-infrastructure/188 as tracker #17020", 
    "... created core-norm-infrastructure/189 as tracker #17021", 
    "... created core-norm-infrastructure/190 as tracker #17022", 
    "... created core-norm-infrastructure/191 as tracker #17023", 
    "... created core-norm-infrastructure/192 as tracker #17024", 
    "... created core-norm-infrastructure/193 as tracker #17025", 
    "... created core-norm-infrastructure/194 as tracker #17026", 
    "... created core-norm-infrastructure/195 as tracker #17027", 
    "... created core-norm-infrastructure/196 as tracker #17028", 
    "... created core-norm-infrastructure/197 as tracker #17029", 
    "... created core-norm-infrastructure/198 as tracker #17030", 
    "... created core-norm-infrastructure/199 as tracker #17031", 
    "... created core-norm-infrastructure/200 as tracker #17032", 
    "... created core-norm-infrastructure/201 as tracker #17033", 
    "... created core-norm-infrastructure/202 as tracker #17034", 
    "... created core-norm-infrastructure/203 as tracker #17035", 
    "... created core-norm-infrastructure/204 as tracker #17036", 
    "... created core-norm-infrastructure/205 as tracker #17037"
  ]
}