{
  "completed": [
    "fhirpath/1", 
    "fhirpath/2", 
    "fhirpath/3", 
    "fhirpath/4", 
    "fhirpath/5", 
    "fhirpath/6", 
    "fhirpath/7", 
    "fhirpath/8", 
    "fhirpath/9", 
    "fhirpath/10", 
    "fhirpath/11", 
    "fhirpath/12", 
    "fhirpath/13", 
    "fhirpath/14", 
    "fhirpath/15", 
    "fhirpath/16", 
    "fhirpath/17", 
    "fhirpath/18", 
    "fhirpath/19", 
    "fhirpath/20", 
    "fhirpath/21", 
    "fhirpath/22", 
    "fhirpath/23", 
    "fhirpath/24", 
    "fhirpath/25"
  ], 
  "notes": [
    "... created fhirpath/1 as tracker #17118", 
    "... created fhirpath/2 as tracker #17119", 
    "... created fhirpath/3 as tracker #17120", 
    "... created fhirpath/4 as tracker #17121", 
    "... created fhirpath/5 as tracker #17122", 
    "... created fhirpath/6 as tracker #17123", 
    "... created fhirpath/7 as tracker #17124", 
    "... created fhirpath/8 as tracker #17125", 
    "... created fhirpath/9 as tracker #17126", 
    "... created fhirpath/10 as tracker #17127", 
    "... created fhirpath/11 as tracker #17128", 
    "... created fhirpath/12 as tracker #17129", 
    "... created fhirpath/13 as tracker #17130", 
    "... created fhirpath/14 as tracker #17131", 
    "... created fhirpath/15 as tracker #17132", 
    "... created fhirpath/16 as tracker #17133", 
    "... created fhirpath/17 as tracker #17134", 
    "... created fhirpath/18 as tracker #17135", 
    "... created fhirpath/19 as tracker #17136", 
    "... created fhirpath/20 as tracker #17137", 
    "... created fhirpath/21 as tracker #17138", 
    "... created fhirpath/22 as tracker #17139", 
    "... created fhirpath/23 as tracker #17140", 
    "... created fhirpath/24 as tracker #17141", 
    "... created fhirpath/25 as tracker #17142"
  ]
}