{
  "completed": [
    "hai/1", 
    "hai/2", 
    "hai/3", 
    "hai/4", 
    "hai/5", 
    "hai/6", 
    "hai/7", 
    "hai/8"
  ], 
  "notes": [
    "... created hai/1 as tracker #16627", 
    "... created hai/2 as tracker #16630", 
    "... created hai/3 as tracker #16634", 
    "... created hai/4 as tracker #16637", 
    "... created hai/5 as tracker #16640", 
    "... created hai/6 as tracker #16643", 
    "... created hai/7 as tracker #16647", 
    "... created hai/8 as tracker #16649"
  ]
}