{
  "completed": [
    "medication/1", 
    "medication/2", 
    "medication/3", 
    "medication/4", 
    "medication/5", 
    "medication/6", 
    "medication/7", 
    "medication/8", 
    "medication/9", 
    "medication/10", 
    "medication/11", 
    "medication/12", 
    "medication/13", 
    "medication/14", 
    "medication/15", 
    "medication/16", 
    "medication/17", 
    "medication/18", 
    "medication/19", 
    "medication/20", 
    "medication/21", 
    "medication/22", 
    "medication/23", 
    "medication/24"
  ], 
  "notes": [
    "... created medication/1 as tracker #16624", 
    "... created medication/2 as tracker #16625", 
    "... created medication/3 as tracker #16626", 
    "... created medication/4 as tracker #16629", 
    "... created medication/5 as tracker #16633", 
    "... created medication/6 as tracker #16636", 
    "... created medication/7 as tracker #16639", 
    "... created medication/8 as tracker #16642", 
    "... created medication/9 as tracker #16645", 
    "... created medication/10 as tracker #16648", 
    "Specification mismatch: medication/11: Tracker item 16032 has FHIR Core instead of ", 
    "... updated medication/11 as tracker #16032", 
    "Specification mismatch: medication/12: Tracker item 16091 has US Pharmacy instead of ", 
    "... updated medication/12 as tracker #16091", 
    "Specification mismatch: medication/13: Tracker item 16090 has US Pharmacy instead of ", 
    "... updated medication/13 as tracker #16090", 
    "Specification mismatch: medication/14: Tracker item 16094 has FHIR Core instead of ", 
    "... updated medication/14 as tracker #16094", 
    "Specification mismatch: medication/15: Tracker item 16093 has FHIR Core instead of ", 
    "... updated medication/15 as tracker #16093", 
    "Specification mismatch: medication/16: Tracker item 16326 has US Pharmacy instead of ", 
    "... updated medication/16 as tracker #16326", 
    "Specification mismatch: medication/17: Tracker item 16327 has US Pharmacy instead of ", 
    "... updated medication/17 as tracker #16327", 
    "... created medication/18 as tracker #16652", 
    "... created medication/19 as tracker #16655", 
    "... created medication/20 as tracker #17161", 
    "... created medication/21 as tracker #17162", 
    "... created medication/22 as tracker #17195", 
    "... created medication/23 as tracker #17196", 
    "... created medication/24 as tracker #17197"
  ]
}